#
# There is insufficient memory for the Java Runtime Environment to continue.
# Native memory allocation (malloc) failed to allocate 1048576 bytes for AllocateHeap
# Possible reasons:
#   The system is out of physical RAM or swap space
#   The process is running with CompressedOops enabled, and the Java Heap may be blocking the growth of the native heap
# Possible solutions:
#   Reduce memory load on the system
#   Increase physical memory or swap space
#   Check if swap backing store is full
#   Decrease Java heap size (-Xmx/-Xms)
#   Decrease number of Java threads
#   Decrease Java thread stack sizes (-Xss)
#   Set larger code cache with -XX:ReservedCodeCacheSize=
#   JVM is running with Zero Based Compressed Oops mode in which the Java heap is
#     placed in the first 32GB address space. The Java Heap base address is the
#     maximum limit for the native heap growth. Please use -XX:HeapBaseMinAddress
#     to set the Java Heap base and to place the Java Heap above 32GB virtual address.
# This output file may be truncated or incomplete.
#
#  Out of Memory Error (memory/allocation.inline.hpp:61), pid=702712, tid=0x00000000000ab5cc
#
# JRE version:  (8.0_261-b12) (build )
# Java VM: Java HotSpot(TM) 64-Bit Server VM (25.261-b12 mixed mode windows-amd64 compressed oops)
# Failed to write core dump. Minidumps are not enabled by default on client versions of Windows
#

---------------  T H R E A D  ---------------

Current thread (0x000001c5734d5800):  JavaThread "Unknown thread" [_thread_in_vm, id=701900, stack(0x0000006204900000,0x0000006204a00000)]

Stack: [0x0000006204900000,0x0000006204a00000]
Native frames: (J=compiled Java code, j=interpreted, Vv=VM code, C=native code)
V  [jvm.dll+0x33e5f9]
V  [jvm.dll+0x2850e2]
V  [jvm.dll+0x285d8d]
V  [jvm.dll+0x27c895]
V  [jvm.dll+0x1565d]
V  [jvm.dll+0x3d9117]
V  [jvm.dll+0x3d5557]
V  [jvm.dll+0x10c61f]
V  [jvm.dll+0x21a00b]
V  [jvm.dll+0x248687]
V  [jvm.dll+0x172116]
C  [javaw.exe+0x2322]
C  [javaw.exe+0x16564]
C  [KERNEL32.DLL+0x17bd4]
C  [ntdll.dll+0x6ce51]


---------------  P R O C E S S  ---------------

Java Threads: ( => current thread )

Other Threads:

=>0x000001c5734d5800 (exited) JavaThread "Unknown thread" [_thread_in_vm, id=701900, stack(0x0000006204900000,0x0000006204a00000)]

VM state:not at safepoint (normal execution)

VM Mutex/Monitor currently owned by a thread: None

heap address: 0x00000005c1000000, size: 8176 MB, Compressed Oops mode: Zero based, Oop shift amount: 3
Narrow klass base: 0x0000000000000000, Narrow klass shift: 3
Compressed class space size: 1073741824 Address: 0x00000007c0000000

Heap:
 PSYoungGen      total 153088K, used 2631K [0x0000000715b00000, 0x0000000720580000, 0x00000007c0000000)
  eden space 131584K, 2% used [0x0000000715b00000,0x0000000715d91ec8,0x000000071db80000)
  from space 21504K, 0% used [0x000000071f080000,0x000000071f080000,0x0000000720580000)
  to   space 21504K, 0% used [0x000000071db80000,0x000000071db80000,0x000000071f080000)
 ParOldGen       total 349696K, used 0K [0x00000005c1000000, 0x00000005d6580000, 0x0000000715b00000)
  object space 349696K, 0% used [0x00000005c1000000,0x00000005c1000000,0x00000005d6580000)
 Metaspace       used 754K, capacity 1092K, committed 1152K, reserved 1060864K
  class space    used 76K, capacity 384K, committed 384K, reserved 1048576K

Card table byte_map: [0x000001c575410000,0x000001c576410000] byte_map_base: 0x000001c572608000

Marking Bits: (ParMarkBitMap*) 0x00000000741d4fb0
 Begin Bits: [0x000001c50f000000, 0x000001c516fc0000)
 End Bits:   [0x000001c516fc0000, 0x000001c51ef80000)

Polling page: 0x000001c573490000

CodeCache: size=245760Kb used=327Kb max_used=327Kb free=245432Kb
 bounds [0x000001c500000000, 0x000001c500270000, 0x000001c50f000000]
 total_blobs=57 nmethods=0 adapters=38
 compilation: enabled

Compilation events (0 events):
No events

GC Heap History (0 events):
No events

Deoptimization events (0 events):
No events

Classes redefined (0 events):
No events

Internal exceptions (0 events):
No events

Events (10 events):
Event: 0.021 loading class java/lang/Short
Event: 0.021 loading class java/lang/Short done
Event: 0.021 loading class java/lang/Integer
Event: 0.021 loading class java/lang/Integer done
Event: 0.021 loading class java/lang/Long
Event: 0.021 loading class java/lang/Long done
Event: 0.022 loading class java/lang/NullPointerException
Event: 0.022 loading class java/lang/NullPointerException done
Event: 0.022 loading class java/lang/ArithmeticException
Event: 0.022 loading class java/lang/ArithmeticException done


Dynamic libraries:
0x00007ff7682f0000 - 0x00007ff768337000 	C:\Program Files\Java\jre1.8.0_261\bin\javaw.exe
0x00007ffbde440000 - 0x00007ffbde630000 	C:\WINDOWS\SYSTEM32\ntdll.dll
0x00007ffbde1e0000 - 0x00007ffbde292000 	C:\WINDOWS\System32\KERNEL32.DLL
0x00007ffbdba00000 - 0x00007ffbdbca4000 	C:\WINDOWS\System32\KERNELBASE.dll
0x00007ffbdd270000 - 0x00007ffbdd313000 	C:\WINDOWS\System32\ADVAPI32.dll
0x00007ffbde360000 - 0x00007ffbde3fe000 	C:\WINDOWS\System32\msvcrt.dll
0x00007ffbddf50000 - 0x00007ffbddfe7000 	C:\WINDOWS\System32\sechost.dll
0x00007ffbdc5f0000 - 0x00007ffbdc710000 	C:\WINDOWS\System32\RPCRT4.dll
0x00007ffbddd70000 - 0x00007ffbddf05000 	C:\WINDOWS\System32\USER32.dll
0x00007ffbdb660000 - 0x00007ffbdb681000 	C:\WINDOWS\System32\win32u.dll
0x00007ffbddf10000 - 0x00007ffbddf36000 	C:\WINDOWS\System32\GDI32.dll
0x00007ffbdb4c0000 - 0x00007ffbdb656000 	C:\WINDOWS\System32\gdi32full.dll
0x00007ffbdb690000 - 0x00007ffbdb72e000 	C:\WINDOWS\System32\msvcp_win.dll
0x00007ffbdb3c0000 - 0x00007ffbdb4ba000 	C:\WINDOWS\System32\ucrtbase.dll
0x00007ffbcacd0000 - 0x00007ffbcaf54000 	C:\WINDOWS\WinSxS\amd64_microsoft.windows.common-controls_6595b64144ccf1df_6.0.18362.1016_none_9e7a36bbe461dae4\COMCTL32.dll
0x00007ffbdd650000 - 0x00007ffbdd985000 	C:\WINDOWS\System32\combase.dll
0x00007ffbdb880000 - 0x00007ffbdb900000 	C:\WINDOWS\System32\bcryptPrimitives.dll
0x00007ffbdd620000 - 0x00007ffbdd64e000 	C:\WINDOWS\System32\IMM32.DLL
0x00007ffbc36e0000 - 0x00007ffbc36f5000 	C:\Program Files\Java\jre1.8.0_261\bin\vcruntime140.dll
0x00007ffbbf280000 - 0x00007ffbbf31b000 	C:\Program Files\Java\jre1.8.0_261\bin\msvcp140.dll
0x00000000739e0000 - 0x000000007424c000 	C:\Program Files\Java\jre1.8.0_261\bin\server\jvm.dll
0x00007ffbde350000 - 0x00007ffbde358000 	C:\WINDOWS\System32\PSAPI.DLL
0x00007ffbd7550000 - 0x00007ffbd7574000 	C:\WINDOWS\SYSTEM32\WINMM.dll
0x00007ffbd60a0000 - 0x00007ffbd60aa000 	C:\WINDOWS\SYSTEM32\VERSION.dll
0x00007ffbbf850000 - 0x00007ffbbf859000 	C:\WINDOWS\SYSTEM32\WSOCK32.dll
0x00007ffbddff0000 - 0x00007ffbde05f000 	C:\WINDOWS\System32\WS2_32.dll
0x00007ffbd7280000 - 0x00007ffbd72ad000 	C:\WINDOWS\SYSTEM32\WINMMBASE.dll
0x00007ffbdb9b0000 - 0x00007ffbdb9fa000 	C:\WINDOWS\System32\cfgmgr32.dll
0x00007ffbdb370000 - 0x00007ffbdb381000 	C:\WINDOWS\System32\kernel.appcore.dll
0x00007ffbd7d40000 - 0x00007ffbd7d50000 	C:\Program Files\Java\jre1.8.0_261\bin\verify.dll
0x00007ffbd7d10000 - 0x00007ffbd7d3b000 	C:\Program Files\Java\jre1.8.0_261\bin\java.dll
0x00007ffbd7ca0000 - 0x00007ffbd7cb8000 	C:\Program Files\Java\jre1.8.0_261\bin\zip.dll
0x00007ffbd9ce0000 - 0x00007ffbd9ed4000 	C:\WINDOWS\SYSTEM32\dbghelp.dll

VM Arguments:
jvm_args: -Dfile.encoding=Cp1252 
java_command: Trabalho_mini.cinema_teste
java_class_path (initial): C:\Users\Bruno\eclipse-workspace\Exercicios_Java\bin
Launcher Type: SUN_STANDARD

Environment Variables:
PATH=C:/Program Files/Java/jre1.8.0_261/bin/server;C:/Program Files/Java/jre1.8.0_261/bin;C:/Program Files/Java/jre1.8.0_261/lib/amd64;C:\Python27\;C:\Python27\Scripts;C:\Program Files (x86)\Common Files\Oracle\Java\javapath;C:\Program Files (x86)\Razer Chroma SDK\bin;C:\Program Files\Razer Chroma SDK\bin;C:\Program Files (x86)\Razer\ChromaBroadcast\bin;C:\Program Files\Razer\ChromaBroadcast\bin;C:\Program Files (x86)\Common Files\Intel\Shared Libraries\redist\intel64\compiler;C:\Windows\system32;C:\Windows;C:\Windows\System32\Wbem;C:\Windows\System32\WindowsPowerShell\v1.0\;C:\Windows\System32\OpenSSH\;C:\Program Files\NVIDIA Corporation\NVIDIA NvDLISR;C:\Program Files (x86)\NVIDIA Corporation\PhysX\Common;C:\Users\Bruno\AppData\Local\Microsoft\WindowsApps;C:\Windows\system32\config\systemprofile\AppData\Local\Microsoft\WindowsApps;C:\ProgramData\chocolatey\bin;F:\;C:\WINDOWS\system32;C:\WINDOWS;C:\WINDOWS\System32\Wbem;C:\WINDOWS\System32\WindowsPowerShell\v1.0\;C:\WINDOWS\System32\OpenSSH\;C:\Program Files\Git\cmd;C:\Users\Bruno\AppData\Local\Programs\Python\Python37-32\Scripts\;C:\Users\Bruno\AppData\Local\Programs\Python\Python37-32\;C:\Users\Bruno\AppData\Local\Microsoft\WindowsApps;;F:\Microsoft VS Code\bin;C:\Users\Bruno\AppData\Roaming\npm;C:\Users\Bruno\Desktop;
USERNAME=Bruno
OS=Windows_NT
PROCESSOR_IDENTIFIER=AMD64 Family 23 Model 8 Stepping 2, AuthenticAMD



---------------  S Y S T E M  ---------------

OS: Windows 10.0 , 64 bit Build 18362 (10.0.18362.959)

CPU:total 16 (initial active 16) (16 cores per cpu, 1 threads per core) family 23 model 8 stepping 2, cmov, cx8, fxsr, mmx, sse, sse2, sse3, ssse3, sse4.1, sse4.2, popcnt, avx, avx2, aes, clmul, mmxext, 3dnowpref, lzcnt, sse4a, tsc, tscinvbit, tscinv, bmi1

Memory: 4k page, physical 33484004k(17361880k free), swap 33484004k(4128k free)

vm_info: Java HotSpot(TM) 64-Bit Server VM (25.261-b12) for windows-amd64 JRE (1.8.0_261-b12), built on Jun 18 2020 06:56:32 by "" with unknown MS VC++:1916

time: Tue Aug 18 20:57:22 2020
timezone: Hora oficial do Brasil
elapsed time: 0 seconds (0d 0h 0m 0s)

